WITH 3 SPECIES

PRED DETAILS FOR: Sgta
time: 28.451775074005127
Accuracy:  0.8173302107728337
Levenshtein Error:  0.18732501264968796


PRED DETAILS FOR: Mis18bp1
time: 222.8136067390442
Accuracy:  0.783471837488458
Levenshtein Error:  0.2205490639527579

PRED DETAILS FOR: Cd38
time: 214.72372603416443
Accuracy:  0.7894051237516283
Levenshtein Error:  0.20651687242596334

PRED DETAILS FOR: Chdh
time: 118.71864199638367
Accuracy:  0.8687167356593731
Levenshtein Error:  0.13655407899593944

AVERAGE ACCURACY:  0.813864565633153
TOTAL TIME:  584.707749844









WITH 2 SPECIES

PRED DETAILS FOR: Mis18bp1
time: 126.86117005348206
Accuracy:  0.7281368821292775
Levenshtein Error:  0.27516066078900303

PRED DETAILS FOR: Cd38
time: 105.98944401741028
Accuracy:  0.7504363001745201
Levenshtein Error:  0.23992145007770008

PRED DETAILS FOR: Chdh
time: 53.076539754867554
Accuracy:  0.8437314319667261
Levenshtein Error:  0.1617366651613227

AVERAGE ACCURACY:  0.7741015380901746
TOTAL TIME:  285.9271538257599
