
PRED DETAILS FOR: Mis12
time: 2.2292590141296387
Accuracy:  0.7517899761336515
Levenshtein Error:  0.2542938663068533

PRED DETAILS FOR: Mis18a
time: 2.233896017074585
Accuracy:  0.6045918367346939
Levenshtein Error:  0.379445516945517

PRED DETAILS FOR: Mis18bp1
time: 64.06102347373962
Accuracy:  0.7607988852763585
Levenshtein Error:  0.23921377767531612

PRED DETAILS FOR: Misp
time: 2.4643356800079346
Accuracy:  0.7345679012345679
Levenshtein Error:  0.242556253270539

PRED DETAILS FOR: Mitd1
time: 5.079308032989502
Accuracy:  0.6875
Levenshtein Error:  0.28911111111111104

AVERAGE ACCURACY:  0.7078497198758544
TOTAL TIME:  76.06782221794128
