
PRED DETAILS FOR: Mis12
time: 2.3357136249542236
Accuracy:  0.6608478802992519
Levenshtein Error:  0.330026455026455

PRED DETAILS FOR: Mis18a
time: 2.1722073554992676
Accuracy:  0.690744920993228
Levenshtein Error:  0.3000721500721501

PRED DETAILS FOR: Mis18bp1
time: 71.65755438804626
Accuracy:  0.7589911256422233
Levenshtein Error:  0.23285265490762871

PRED DETAILS FOR: Misp
time: 2.342681407928467
Accuracy:  0.7261904761904762
Levenshtein Error:  0.2678703703703703

PRED DETAILS FOR: Mitd1
time: 4.7204506397247314
Accuracy:  0.7195571955719557
Levenshtein Error:  0.28192943420216143

PRED DETAILS FOR: Mitf
time: 1527.3483529090881
Accuracy:  0.8223897606732709


Levenshtein Error:  0.17733637410020808
AVERAGE ACCURACY:  0.729786893228401
TOTAL TIME:  26m,50s
