
PRED DETAILS FOR: Mis12
time: 2.9937660694122314
Accuracy:  0.7923627684964201
Levenshtein Error:  0.20514626218851573

PRED DETAILS FOR: Mis18a
time: 4.884087085723877
Accuracy:  0.7155963302752294
Levenshtein Error:  0.28203601953601953

PRED DETAILS FOR: Mis18bp1
time: 111.98597121238708
Accuracy:  0.760643330179754
Levenshtein Error:  0.24115948841149915

PRED DETAILS FOR: Misp
time: 3.5806145668029785
Accuracy:  0.7752577319587629
Levenshtein Error:  0.2158683473389356

PRED DETAILS FOR: Mitd1
time: 8.713735103607178
Accuracy:  0.667458432304038
Levenshtein Error:  0.322986022986023

PRED DETAILS FOR: Mitf
time: 2388.8231632709503
Accuracy:  0.8373029772329247

TOTAL TIME: 42m,36s
Levenshtein Error:  0.16030914441034697
AVERAGE ACCURACY:  0.7581035950745215
